0 info it worked if it ends with ok
1 verbose cli [ '/usr/bin/node', '/usr/bin/npm', 'install', 'moment', '--save' ]
2 info using npm@3.5.2
3 info using node@v8.10.0
4 silly loadCurrentTree Starting
5 silly install loadCurrentTree
6 silly install readLocalPackageData
7 silly fetchPackageMetaData moment@2.24.0
8 silly fetchNamedPackageData moment
9 silly mapToRegistry name moment
10 silly mapToRegistry using default registry
11 silly mapToRegistry registry https://registry.npmjs.org/
12 silly mapToRegistry uri https://registry.npmjs.org/moment
13 verbose request uri https://registry.npmjs.org/moment
14 verbose request no auth needed
15 info attempt registry request try #1 at 5:56:27 pm
16 verbose request id 4c9e0cb0f402f9e1
17 http request GET https://registry.npmjs.org/moment
18 info retry will retry, error on last attempt: Error: tunneling socket could not be established, cause=connect ECONNREFUSED 127.0.0.1:3000
19 info attempt registry request try #2 at 5:56:37 pm
20 http request GET https://registry.npmjs.org/moment
21 info retry will retry, error on last attempt: Error: tunneling socket could not be established, cause=connect ECONNREFUSED 127.0.0.1:3000
22 info attempt registry request try #3 at 5:57:37 pm
23 http request GET https://registry.npmjs.org/moment
24 silly fetchPackageMetaData Error: tunneling socket could not be established, cause=connect ECONNREFUSED 127.0.0.1:3000
24 silly fetchPackageMetaData     at ClientRequest.onError (/usr/share/npm/node_modules/request/node_modules/tunnel-agent/index.js:174:17)
24 silly fetchPackageMetaData     at Object.onceWrapper (events.js:315:30)
24 silly fetchPackageMetaData     at emitOne (events.js:116:13)
24 silly fetchPackageMetaData     at ClientRequest.emit (events.js:211:7)
24 silly fetchPackageMetaData     at Socket.socketErrorListener (_http_client.js:387:9)
24 silly fetchPackageMetaData     at emitOne (events.js:116:13)
24 silly fetchPackageMetaData     at Socket.emit (events.js:211:7)
24 silly fetchPackageMetaData     at emitErrorNT (internal/streams/destroy.js:64:8)
24 silly fetchPackageMetaData     at _combinedTickCallback (internal/process/next_tick.js:138:11)
24 silly fetchPackageMetaData     at process._tickCallback (internal/process/next_tick.js:180:9)
24 silly fetchPackageMetaData  error for moment@2.24.0 { Error: tunneling socket could not be established, cause=connect ECONNREFUSED 127.0.0.1:3000
24 silly fetchPackageMetaData     at ClientRequest.onError (/usr/share/npm/node_modules/request/node_modules/tunnel-agent/index.js:174:17)
24 silly fetchPackageMetaData     at Object.onceWrapper (events.js:315:30)
24 silly fetchPackageMetaData     at emitOne (events.js:116:13)
24 silly fetchPackageMetaData     at ClientRequest.emit (events.js:211:7)
24 silly fetchPackageMetaData     at Socket.socketErrorListener (_http_client.js:387:9)
24 silly fetchPackageMetaData     at emitOne (events.js:116:13)
24 silly fetchPackageMetaData     at Socket.emit (events.js:211:7)
24 silly fetchPackageMetaData     at emitErrorNT (internal/streams/destroy.js:64:8)
24 silly fetchPackageMetaData     at _combinedTickCallback (internal/process/next_tick.js:138:11)
24 silly fetchPackageMetaData     at process._tickCallback (internal/process/next_tick.js:180:9) code: 'ECONNRESET' }
25 silly rollbackFailedOptional Starting
26 silly rollbackFailedOptional Finishing
27 silly runTopLevelLifecycles Starting
28 silly runTopLevelLifecycles Finishing
29 silly install printInstalled
30 verbose stack Error: tunneling socket could not be established, cause=connect ECONNREFUSED 127.0.0.1:3000
30 verbose stack     at ClientRequest.onError (/usr/share/npm/node_modules/request/node_modules/tunnel-agent/index.js:174:17)
30 verbose stack     at Object.onceWrapper (events.js:315:30)
30 verbose stack     at emitOne (events.js:116:13)
30 verbose stack     at ClientRequest.emit (events.js:211:7)
30 verbose stack     at Socket.socketErrorListener (_http_client.js:387:9)
30 verbose stack     at emitOne (events.js:116:13)
30 verbose stack     at Socket.emit (events.js:211:7)
30 verbose stack     at emitErrorNT (internal/streams/destroy.js:64:8)
30 verbose stack     at _combinedTickCallback (internal/process/next_tick.js:138:11)
30 verbose stack     at process._tickCallback (internal/process/next_tick.js:180:9)
31 verbose cwd /home/student/sit725-prac3
32 error Linux 5.4.0-48-generic
33 error argv "/usr/bin/node" "/usr/bin/npm" "install" "moment" "--save"
34 error node v8.10.0
35 error npm  v3.5.2
36 error code ECONNRESET
37 error network tunneling socket could not be established, cause=connect ECONNREFUSED 127.0.0.1:3000
38 error network This is most likely not a problem with npm itself
38 error network and is related to network connectivity.
38 error network In most cases you are behind a proxy or have bad network settings.
38 error network
38 error network If you are behind a proxy, please make sure that the
38 error network 'proxy' config is set properly.  See: 'npm help config'
39 verbose exit [ 1, true ]
